This is pdfTeX, Version 3.14159265-2.6-1.40.17 (MiKTeX 2.9) (preloaded format=pdflatex 2016.6.26)  1 JUL 2016 02:02
entering extended mode
**./main.tex
(main.tex
LaTeX2e <2016/03/31>
Babel <3.9r> and hyphenation patterns for 75 language(s) loaded.
("C:\Program Files (x86)\MiKTeX 2.9\tex\latex\base\report.cls"
Document Class: report 2014/09/29 v1.4h Standard LaTeX document class
("C:\Program Files (x86)\MiKTeX 2.9\tex\latex\base\size12.clo"
File: size12.clo 2014/09/29 v1.4h Standard LaTeX file (size option)
)
\c@part=\count79
\c@chapter=\count80
\c@section=\count81
\c@subsection=\count82
\c@subsubsection=\count83
\c@paragraph=\count84
\c@subparagraph=\count85
\c@figure=\count86
\c@table=\count87
\abovecaptionskip=\skip41
\belowcaptionskip=\skip42
\bibindent=\dimen102
)
("C:\Program Files (x86)\MiKTeX 2.9\tex\latex\geometry\geometry.sty"
Package: geometry 2010/09/12 v5.6 Page Geometry

("C:\Program Files (x86)\MiKTeX 2.9\tex\latex\graphics\keyval.sty"
Package: keyval 2014/10/28 v1.15 key=value parser (DPC)
\KV@toks@=\toks14
)
("C:\Program Files (x86)\MiKTeX 2.9\tex\generic\oberdiek\ifpdf.sty"
Package: ifpdf 2016/05/14 v3.1 Provides the ifpdf switch
)
("C:\Program Files (x86)\MiKTeX 2.9\tex\generic\oberdiek\ifvtex.sty"
Package: ifvtex 2016/05/16 v1.6 Detect VTeX and its facilities (HO)
Package ifvtex Info: VTeX not detected.
)
("C:\Program Files (x86)\MiKTeX 2.9\tex\generic\ifxetex\ifxetex.sty"
Package: ifxetex 2010/09/12 v0.6 Provides ifxetex conditional
)
\Gm@cnth=\count88
\Gm@cntv=\count89
\c@Gm@tempcnt=\count90
\Gm@bindingoffset=\dimen103
\Gm@wd@mp=\dimen104
\Gm@odd@mp=\dimen105
\Gm@even@mp=\dimen106
\Gm@layoutwidth=\dimen107
\Gm@layoutheight=\dimen108
\Gm@layouthoffset=\dimen109
\Gm@layoutvoffset=\dimen110
\Gm@dimlist=\toks15

("C:\Program Files (x86)\MiKTeX 2.9\tex\latex\geometry\geometry.cfg")

Package geometry Warning: Over-specification in `h'-direction.
    `width' (426.79134pt) is ignored.

) ("C:\Program Files (x86)\MiKTeX 2.9\tex\latex\base\inputenc.sty"
Package: inputenc 2015/03/17 v1.2c Input encoding file
\inpenc@prehook=\toks16
\inpenc@posthook=\toks17

("C:\Program Files (x86)\MiKTeX 2.9\tex\latex\base\cp1250.def"
File: cp1250.def 2015/03/17 v1.2c Input encoding file
))
("C:\Program Files (x86)\MiKTeX 2.9\tex\generic\babel\babel.sty"
Package: babel 2016/04/23 3.9r The Babel package

*************************************
* Local config file bblopts.cfg used
*
("C:\Program Files (x86)\MiKTeX 2.9\tex\latex\arabi\bblopts.cfg"
File: bblopts.cfg 2005/09/08 v0.1 add Arabic and Farsi to "declared" options of
 babel
)
("C:\Program Files (x86)\MiKTeX 2.9\tex\latex\babel-czech\czech.ldf"
Language: czech 2008/07/06 v3.1a Czech support from the babel system

("C:\Program Files (x86)\MiKTeX 2.9\tex\generic\babel\babel.def"
File: babel.def 2016/04/23 3.9r Babel common definitions
\babel@savecnt=\count91
\U@D=\dimen111
)
Package babel Info: Making " an active character on input line 172.
\cs@wordlen=\count92
Package babel Info: Making - an active character on input line 226.
))
("C:\Program Files (x86)\MiKTeX 2.9\tex\latex\base\fontenc.sty"
Package: fontenc 2005/09/27 v1.99g Standard LaTeX package

("C:\Program Files (x86)\MiKTeX 2.9\tex\cslatex\base\il2enc.def"
File: il2enc.def 1997/08/20 CSLaTeX
)
LaTeX Font Info:    Try loading font information for IL2+cmr on input line 105.


("C:\Program Files (x86)\MiKTeX 2.9\tex\cslatex\base\il2cmr.fd"
File: il2cmr.fd 1997/02/06 CSLaTeX font definitions
))
("C:\Program Files (x86)\MiKTeX 2.9\tex\latex\graphics\graphicx.sty"
Package: graphicx 2014/10/28 v1.0g Enhanced LaTeX Graphics (DPC,SPQR)

("C:\Program Files (x86)\MiKTeX 2.9\tex\latex\graphics\graphics.sty"
Package: graphics 2016/05/09 v1.0r Standard LaTeX Graphics (DPC,SPQR)

("C:\Program Files (x86)\MiKTeX 2.9\tex\latex\graphics\trig.sty"
Package: trig 2016/01/03 v1.10 sin cos tan (DPC)
)
("C:\Program Files (x86)\MiKTeX 2.9\tex\latex\00miktex\graphics.cfg"
File: graphics.cfg 2016/01/02 v1.10 sample graphics configuration
)
Package graphics Info: Driver file: pdftex.def on input line 96.

("C:\Program Files (x86)\MiKTeX 2.9\tex\latex\pdftex-def\pdftex.def"
File: pdftex.def 2011/05/27 v0.06d Graphics/color for pdfTeX

("C:\Program Files (x86)\MiKTeX 2.9\tex\generic\oberdiek\infwarerr.sty"
Package: infwarerr 2016/05/16 v1.4 Providing info/warning/error messages (HO)
)
("C:\Program Files (x86)\MiKTeX 2.9\tex\generic\oberdiek\ltxcmds.sty"
Package: ltxcmds 2016/05/16 v1.23 LaTeX kernel commands for general use (HO)
)
\Gread@gobject=\count93
))
\Gin@req@height=\dimen112
\Gin@req@width=\dimen113
)
("C:\Program Files (x86)\MiKTeX 2.9\tex\latex\hyperref\hyperref.sty"
Package: hyperref 2016/05/21 v6.83p Hypertext links for LaTeX

("C:\Program Files (x86)\MiKTeX 2.9\tex\generic\oberdiek\hobsub-hyperref.sty"
Package: hobsub-hyperref 2016/05/16 v1.14 Bundle oberdiek, subset hyperref (HO)


("C:\Program Files (x86)\MiKTeX 2.9\tex\generic\oberdiek\hobsub-generic.sty"
Package: hobsub-generic 2016/05/16 v1.14 Bundle oberdiek, subset generic (HO)
Package: hobsub 2016/05/16 v1.14 Construct package bundles (HO)
Package hobsub Info: Skipping package `infwarerr' (already loaded).
Package hobsub Info: Skipping package `ltxcmds' (already loaded).
Package: ifluatex 2016/05/16 v1.4 Provides the ifluatex switch (HO)
Package ifluatex Info: LuaTeX not detected.
Package hobsub Info: Skipping package `ifvtex' (already loaded).
Package: intcalc 2016/05/16 v1.2 Expandable calculations with integers (HO)
Package hobsub Info: Skipping package `ifpdf' (already loaded).
Package: etexcmds 2016/05/16 v1.6 Avoid name clashes with e-TeX commands (HO)
Package etexcmds Info: Could not find \expanded.
(etexcmds)             That can mean that you are not using pdfTeX 1.50 or
(etexcmds)             that some package has redefined \expanded.
(etexcmds)             In the latter case, load this package earlier.
Package: kvsetkeys 2016/05/16 v1.17 Key value parser (HO)
Package: kvdefinekeys 2016/05/16 v1.4 Define keys (HO)
Package: pdftexcmds 2016/05/21 v0.22 Utility functions of pdfTeX for LuaTeX (HO
)
Package pdftexcmds Info: LuaTeX not detected.
Package pdftexcmds Info: \pdf@primitive is available.
Package pdftexcmds Info: \pdf@ifprimitive is available.
Package pdftexcmds Info: \pdfdraftmode found.
Package: pdfescape 2016/05/16 v1.14 Implements pdfTeX's escape features (HO)
Package: bigintcalc 2016/05/16 v1.4 Expandable calculations on big integers (HO
)
Package: bitset 2016/05/16 v1.2 Handle bit-vector datatype (HO)
Package: uniquecounter 2016/05/16 v1.3 Provide unlimited unique counter (HO)
)
Package hobsub Info: Skipping package `hobsub' (already loaded).
Package: letltxmacro 2016/05/16 v1.5 Let assignment for LaTeX macros (HO)
Package: hopatch 2016/05/16 v1.3 Wrapper for package hooks (HO)
Package: xcolor-patch 2016/05/16 xcolor patch
Package: atveryend 2016/05/16 v1.9 Hooks at the very end of document (HO)
Package atveryend Info: \enddocument detected (standard20110627).
Package: atbegshi 2016/05/16 v1.17 At begin shipout hook (HO)
Package: refcount 2016/05/16 v3.5 Data extraction from label references (HO)
Package: hycolor 2016/05/16 v1.8 Color options for hyperref/bookmark (HO)
)
("C:\Program Files (x86)\MiKTeX 2.9\tex\latex\oberdiek\auxhook.sty"
Package: auxhook 2016/05/16 v1.4 Hooks for auxiliary files (HO)
)
("C:\Program Files (x86)\MiKTeX 2.9\tex\latex\oberdiek\kvoptions.sty"
Package: kvoptions 2016/05/16 v3.12 Key value format for package options (HO)
)
\@linkdim=\dimen114
\Hy@linkcounter=\count94
\Hy@pagecounter=\count95

("C:\Program Files (x86)\MiKTeX 2.9\tex\latex\hyperref\pd1enc.def"
File: pd1enc.def 2016/05/21 v6.83p Hyperref: PDFDocEncoding definition (HO)
)
\Hy@SavedSpaceFactor=\count96

("C:\Program Files (x86)\MiKTeX 2.9\tex\latex\00miktex\hyperref.cfg"
File: hyperref.cfg 2002/06/06 v1.2 hyperref configuration of TeXLive
)
Package hyperref Info: Hyper figures OFF on input line 4486.
Package hyperref Info: Link nesting OFF on input line 4491.
Package hyperref Info: Hyper index ON on input line 4494.
Package hyperref Info: Plain pages OFF on input line 4501.
Package hyperref Info: Backreferencing OFF on input line 4506.
Package hyperref Info: Implicit mode ON; LaTeX internals redefined.
Package hyperref Info: Bookmarks ON on input line 4735.
\c@Hy@tempcnt=\count97

("C:\Program Files (x86)\MiKTeX 2.9\tex\latex\url\url.sty"
\Urlmuskip=\muskip10
Package: url 2013/09/16  ver 3.4  Verb mode for urls, etc.
)
LaTeX Info: Redefining \url on input line 5088.
\XeTeXLinkMargin=\dimen115
\Fld@menulength=\count98
\Field@Width=\dimen116
\Fld@charsize=\dimen117
Package hyperref Info: Hyper figures OFF on input line 6342.
Package hyperref Info: Link nesting OFF on input line 6347.
Package hyperref Info: Hyper index ON on input line 6350.
Package hyperref Info: backreferencing OFF on input line 6357.
Package hyperref Info: Link coloring OFF on input line 6362.
Package hyperref Info: Link coloring with OCG OFF on input line 6367.
Package hyperref Info: PDF/A mode OFF on input line 6372.
LaTeX Info: Redefining \ref on input line 6412.
LaTeX Info: Redefining \pageref on input line 6416.
\Hy@abspage=\count99
\c@Item=\count100
\c@Hfootnote=\count101
)

Package hyperref Message: Driver (autodetected): hpdftex.

("C:\Program Files (x86)\MiKTeX 2.9\tex\latex\hyperref\hpdftex.def"
File: hpdftex.def 2016/05/21 v6.83p Hyperref driver for pdfTeX
\Fld@listcount=\count102
\c@bookmark@seq@number=\count103

("C:\Program Files (x86)\MiKTeX 2.9\tex\latex\oberdiek\rerunfilecheck.sty"
Package: rerunfilecheck 2016/05/16 v1.8 Rerun checks for auxiliary files (HO)
Package uniquecounter Info: New unique counter `rerunfilecheck' on input line 2
82.
)
\Hy@SectionHShift=\skip43
)
Package hyperref Info: Option `colorlinks' set `true' on input line 14.

("C:\Program Files (x86)\MiKTeX 2.9\tex\latex\tocbibind\tocbibind.sty"
Package: tocbibind 2010/10/13 v1.5k extra ToC listings
Package tocbibind Info: The document has chapter divisions on input line 50.


Package tocbibind Note: Using chapter style headings, unless overridden.

) ("C:\Program Files (x86)\MiKTeX 2.9\tex\latex\tools\indentfirst.sty"
Package: indentfirst 1995/11/23 v1.03 Indent first paragraph (DPC)
)
(main.aux)
\openout1 = `main.aux'.

LaTeX Font Info:    Checking defaults for OML/cmm/m/it on input line 24.
LaTeX Font Info:    ... okay on input line 24.
LaTeX Font Info:    Checking defaults for T1/cmr/m/n on input line 24.
LaTeX Font Info:    ... okay on input line 24.
LaTeX Font Info:    Checking defaults for OT1/cmr/m/n on input line 24.
LaTeX Font Info:    ... okay on input line 24.
LaTeX Font Info:    Checking defaults for OMS/cmsy/m/n on input line 24.
LaTeX Font Info:    ... okay on input line 24.
LaTeX Font Info:    Checking defaults for OMX/cmex/m/n on input line 24.
LaTeX Font Info:    ... okay on input line 24.
LaTeX Font Info:    Checking defaults for U/cmr/m/n on input line 24.
LaTeX Font Info:    ... okay on input line 24.
LaTeX Font Info:    Checking defaults for IL2/cmr/m/n on input line 24.
LaTeX Font Info:    ... okay on input line 24.
LaTeX Font Info:    Checking defaults for PD1/pdf/m/n on input line 24.
LaTeX Font Info:    ... okay on input line 24.

*geometry* driver: auto-detecting
*geometry* detected driver: pdftex
*geometry* verbose mode - [ preamble ] result:
* driver: pdftex
* paper: a4paper
* layout: <same size as paper>
* layoutoffset:(h,v)=(0.0pt,0.0pt)
* modes: 
* h-part:(L,W,R)=(99.58464pt, 455.24411pt, 42.67912pt)
* v-part:(T,H,B)=(71.13188pt, 717.00946pt, 56.9055pt)
* \paperwidth=597.50787pt
* \paperheight=845.04684pt
* \textwidth=455.24411pt
* \textheight=717.00946pt
* \oddsidemargin=27.31465pt
* \evensidemargin=27.31465pt
* \topmargin=-38.1381pt
* \headheight=12.0pt
* \headsep=25.0pt
* \topskip=12.0pt
* \footskip=30.0pt
* \marginparwidth=44.0pt
* \marginparsep=10.0pt
* \columnsep=10.0pt
* \skip\footins=10.8pt plus 4.0pt minus 2.0pt
* \hoffset=0.0pt
* \voffset=0.0pt
* \mag=1000
* \@twocolumnfalse
* \@twosidefalse
* \@mparswitchfalse
* \@reversemarginfalse
* (1in=72.27pt=25.4mm, 1cm=28.453pt)

("C:\Program Files (x86)\MiKTeX 2.9\tex\context\base\supp-pdf.mkii"
[Loading MPS to PDF converter (version 2006.09.02).]
\scratchcounter=\count104
\scratchdimen=\dimen118
\scratchbox=\box26
\nofMPsegments=\count105
\nofMParguments=\count106
\everyMPshowfont=\toks18
\MPscratchCnt=\count107
\MPscratchDim=\dimen119
\MPnumerator=\count108
\makeMPintoPDFobject=\count109
\everyMPtoPDFconversion=\toks19
) ("C:\Program Files (x86)\MiKTeX 2.9\tex\latex\oberdiek\epstopdf-base.sty"
Package: epstopdf-base 2016/05/15 v2.6 Base part for package epstopdf

("C:\Program Files (x86)\MiKTeX 2.9\tex\latex\oberdiek\grfext.sty"
Package: grfext 2016/05/16 v1.2 Manage graphics extensions (HO)
)
Package grfext Info: Graphics extension search list:
(grfext)             [.png,.pdf,.jpg,.mps,.jpeg,.jbig2,.jb2,.PNG,.PDF,.JPG,.JPE
G,.JBIG2,.JB2,.eps]
(grfext)             \AppendGraphicsExtensions on input line 456.
)
\AtBeginShipoutBox=\box27

("C:\Program Files (x86)\MiKTeX 2.9\tex\latex\graphics\color.sty"
Package: color 2016/05/09 v1.1c Standard LaTeX Color (DPC)

("C:\Program Files (x86)\MiKTeX 2.9\tex\latex\00miktex\color.cfg"
File: color.cfg 2016/01/02 v1.6 sample color configuration
)
Package color Info: Driver file: pdftex.def on input line 144.
)
Package hyperref Info: Link coloring ON on input line 24.

("C:\Program Files (x86)\MiKTeX 2.9\tex\latex\hyperref\nameref.sty"
Package: nameref 2016/05/21 v2.44 Cross-referencing by name of section

("C:\Program Files (x86)\MiKTeX 2.9\tex\generic\oberdiek\gettitlestring.sty"
Package: gettitlestring 2016/05/16 v1.5 Cleanup title references (HO)
)
\c@section@level=\count110
)
LaTeX Info: Redefining \ref on input line 24.
LaTeX Info: Redefining \pageref on input line 24.
LaTeX Info: Redefining \nameref on input line 24.

(main.out) (main.out)
\@outlinefile=\write3
\openout3 = `main.out'.

 (main.toc
LaTeX Font Info:    External font `cmex10' loaded for size
(Font)              <12> on input line 3.
LaTeX Font Info:    External font `cmex10' loaded for size
(Font)              <8> on input line 3.
LaTeX Font Info:    External font `cmex10' loaded for size
(Font)              <6> on input line 3.
 [1


{C:/ProgramData/MiKTeX/2.9/pdftex/config/pdftex.map}])
\tf@toc=\write4
\openout4 = `main.toc'.

 [2]
Kapitola 1.
(chapters/introduction.tex) (chapters/historieNTK.texpdfTeX warning (ext4): des
tination with the same identifier (name{page.1}) has been already used, duplica
te ignored
<to be read again> 
                   \relax 
l.4 
     [1

])

Package hyperref Warning: Composite letter `\textasciicaron+r'
(hyperref)                not defined in PD1 encoding,
(hyperref)                removing `\textasciicaron' on input line 36.

(chapters/vufind.texpdfTeX warning (ext4): destination with the same identifier
 (name{page.2}) has been already used, duplicate ignored
<to be read again> 
                   \relax 
l.7 
     [2])

Package hyperref Warning: Composite letter `\textasciicaron+c'
(hyperref)                not defined in PD1 encoding,
(hyperref)                removing `\textasciicaron' on input line 38.

(chapters/vlastnosti.tex [3]) (chapters/requirements.tex [4]) [5]
Kapitola 2.

Package hyperref Warning: Composite letter `\textasciicaron+r'
(hyperref)                not defined in PD1 encoding,
(hyperref)                removing `\textasciicaron' on input line 42.

(chapters/chapter02.tex) (chapters/servery.tex) (chapters/aleph.tex
LaTeX Font Info:    Try loading font information for OMS+cmr on input line 6.

("C:\Program Files (x86)\MiKTeX 2.9\tex\latex\base\omscmr.fd"
File: omscmr.fd 2014/09/29 v2.5h Standard LaTeX font definitions
)
LaTeX Font Info:    Font shape `OMS/cmr/m/n' in size <12> not available
(Font)              Font shape `OMS/cmsy/m/n' tried instead on input line 6.
 [6

])
(chapters/sfx.tex) (chapters/vufindold.tex [7]
LaTeX Font Info:    Try loading font information for IL2+cmtt on input line 5.

("C:\Program Files (x86)\MiKTeX 2.9\tex\cslatex\base\il2cmtt.fd"
File: il2cmtt.fd 1997/08/20 CSLaTeX font definitions
))
(chapters/vufind2.tex) (chapters/vufind-test.tex [8]) (chapters/vufind-eiz.tex)
(chapters/swntk.tex [9])

Package hyperref Warning: Composite letter `\textasciicaron+c'
(hyperref)                not defined in PD1 encoding,
(hyperref)                removing `\textasciicaron' on input line 60.

(chapters/redhat.tex)

Package hyperref Warning: Composite letter `\textasciicaron+c'
(hyperref)                not defined in PD1 encoding,
(hyperref)                removing `\textasciicaron' on input line 62.

(chapters/firewall.tex [10]) (chapters/apache.tex) (chapters/java.tex)
(chapters/mysql.tex [11]) (chapters/zendframework.tex) (chapters/zabbix.tex)
(chapters/cron.tex) [12] (chapters/git.tex) (chapters/psh.tex [13]) [14]
Kapitola 3.
(chapters/opensource.tex) [15

] (chapters/blacklight.tex [16]
<images/blacklight.png, id=416, 876.27374pt x 453.19313pt>
File: images/blacklight.png Graphic file (type png)

<use images/blacklight.png>
Package pdftex.def Info: images/blacklight.png used on input line 20.
(pdftex.def)             Requested size: 273.14923pt x 141.26982pt.
) (chapters/evergreen.tex [17 <./images/blacklight.png>] <images/evergreen.png,
 id=426, 929.72343pt x 535.2497pt>
File: images/evergreen.png Graphic file (type png)

<use images/evergreen.png>
Package pdftex.def Info: images/evergreen.png used on input line 14.
(pdftex.def)             Requested size: 273.14923pt x 157.25208pt.


LaTeX Warning: `h' float specifier changed to `ht'.

) (chapters/koha.tex [18] [19 <./images/evergreen.png>]) [20]
Kapitola 4.
(chapters/chapter03.tex [21

]) (chapters/instalace.tex
Overfull \hbox (17.14204pt too wide) in paragraph at lines 12--13
[][]$\IL2/cmtt/m/n/12 https : / / sourceforge . net / projects / vufind / files
 / VuFind/$[][]\IL2/cmr/m/n/12 , kde jsou k dis-po-zici v¹echny
 []

[22]
Overfull \hbox (180.7812pt too wide) in paragraph at lines 15--15
[]\IL2/cmtt/m/n/12 wget http://downloads.sourceforge.net/vufind/vufind-2.3.1.ta
r.gz?use_mirror=osdn -O vufind-2.3.1.tar.gz[] 
 []

[23] <images/auto-conf.png, id=465, 426.59375pt x 426.59375pt>
File: images/auto-conf.png Graphic file (type png)

<use images/auto-conf.png>
Package pdftex.def Info: images/auto-conf.png used on input line 43.
(pdftex.def)             Requested size: 273.14923pt x 273.16226pt.

Overfull \hbox (2.8053pt too wide) in paragraph at lines 49--50
[]\IL2/cmr/m/n/12 ..nastavení spou-¹tì-cího skriptu - re-spek-tive na-sta-vení 
pro-mìn-ných, buï ve skriptu
 []

) (chapters/implementace.tex [24 <./images/auto-conf.png>])

Package hyperref Warning: Composite letter `\textasciicaron+c'
(hyperref)                not defined in PD1 encoding,
(hyperref)                removing `\textasciicaron' on input line 94.

(chapters/config.tex [25] [26] [27] [28]) (chapters/ntkmodule.tex [29]
Overfull \hbox (736.53148pt too wide) in paragraph at lines 20--20
[]             \IL2/cmtt/m/n/12 $renew_link = '<a style="color:#b94a48" target=
"_blank" href="https://www.techlib.cz/cs/2691-registrace-a-volny-vstup#prodlouz
eni">'.$this->translate('expirace_registrace').'</a>';[] 
 []


Overfull \hbox (674.78145pt too wide) in paragraph at lines 20--20
[]             \IL2/cmtt/m/n/12 $renew_link = '<a style="color:#b94a48" target=
"_blank" href="https://www.techlib.cz/en/2712-registration-free-day-pass">'.$th
is->translate('expirace_registrace').'</a>';[] 
 []


Overfull \hbox (10.49434pt too wide) in paragraph at lines 22--23
[]\IL2/cmr/m/n/12 Pro zís-kání his-to-rie vý-pùjèek u¾i-va-tele je v kon-t-ro-l
eru \IL2/cmtt/m/n/12 MyResearchController.php
 []


Overfull \hbox (32.58113pt too wide) in paragraph at lines 51--51
[]     \IL2/cmtt/m/n/12 // Stop now if the user does not have valid catalog cre
dentials available:[] 
 []


Overfull \hbox (51.10614pt too wide) in paragraph at lines 51--51
[]                     \IL2/cmtt/m/n/12 $catalog, $current, isset($renewStatus)
 ? $renewStatus : null[] 
 []

[30]
Overfull \hbox (44.93114pt too wide) in paragraph at lines 70--70
[]     \IL2/cmtt/m/n/12 $url = 'http://aleph.techlib.cz/cgi-bin/image.pl?size=b
ig&sn='. $ids['uid'];[] 
 []

) (chapters/shibboleth.tex [31]) (chapters/import.tex [32]
Overfull \hbox (3.5048pt too wide) in paragraph at lines 14--15
\IL2/cmtt/m/n/12 format[]map.properties\IL2/cmr/m/n/12 , \IL2/cmtt/m/n/12 langu
age[]map.properties\IL2/cmr/m/n/12 , \IL2/cmtt/m/n/12 instrument[]map.propertie
s\IL2/cmr/m/n/12 , atd.
 []

[33]
Overfull \hbox (131.38118pt too wide) in paragraph at lines 51--51
[]                        \IL2/cmtt/m/n/12 title = title.concat(titleField.getS
ubfield('b').getData().toString());[] 
 []


Overfull \hbox (44.93114pt too wide) in paragraph at lines 51--51
[]                        \IL2/cmtt/m/n/12 title = title.trim(); // odstrani me
zeru na konci retezce[] 
 []

) (chapters/solr.tex [34]
Overfull \hbox (322.80627pt too wide) in paragraph at lines 9--9
[]\IL2/cmtt/m/n/12 <core schema="schema.xml" loadOnStartup="true" instanceDir="
biblio/" transient="false" name="biblio" config="solrconfig.xml"/>[] 
 []

[35]
Overfull \hbox (225.61797pt too wide) in paragraph at lines 23--25
[]\IL2/cmr/m/n/12 Alphabetical[]browse - zmìna so-lr-con-fig.xml + dal-sich sou
-boru https://vufind.org/wiki/indexing:alphabetical[]heading[]browse 
 []

) (chapters/harvest.tex [36]) (chapters/searching.tex [37] [38]
Overfull \hbox (88.70206pt too wide) in paragraph at lines 90--90
 []                        \IL2/cmtt/m/n/12 $location = $this->translate("Knowl
edge Navigation Corner, 2nd floor");[] 
 []


Overfull \hbox (187.5021pt too wide) in paragraph at lines 90--90
 []        \IL2/cmtt/m/n/12 elseif(($collection_code > 100 && $collection_code 
< 1000) || ($collection_code == "UCT departments")){[] 
 []


Overfull \hbox (88.70206pt too wide) in paragraph at lines 90--90
 []            \IL2/cmtt/m/n/12 /* Pripad pro VSCHT ustavy, Aleph posila v loca
tion cisla v rozmezi 100 az 1000. */[] 
 []


Overfull \hbox (70.17705pt too wide) in paragraph at lines 90--90
 []            \IL2/cmtt/m/n/12 $location = $this->translate("Reading room of h
istorical fund"); // badatelna HF[] 
 []


Overfull \hbox (2.25201pt too wide) in paragraph at lines 90--90
 []            \IL2/cmtt/m/n/12 $location = $this->translate("Safe of historica
l fund"); // trezor HF[] 
 []


Overfull \hbox (33.12703pt too wide) in paragraph at lines 90--90
 []            \IL2/cmtt/m/n/12 $location = $this->translate("Stack room of his
torical fund"); // skald HF[] 
 []

[39]
Overfull \hbox (8.42702pt too wide) in paragraph at lines 90--90
 []            \IL2/cmtt/m/n/12 $location = $this->translate("Book news, 4th fl
oor"); // novinky 4. NP[] 
 []


Overfull \hbox (3.68446pt too wide) in paragraph at lines 93--97
[]\IL2/cmr/m/n/12 Pomocí ja-vascriptu je dále øe¹eno pøi-dìlo-vání od-kazù tìmt
o in-for-ma-cím o umístìní
 []


Overfull \hbox (387.52446pt too wide) in paragraph at lines 156--156
 []                \IL2/cmtt/m/n/12 item.find('.location').empty().append("<a h
ref='https://www.chemtk.cz/cs/82950-seznam-ustavnich-knihoven'>"+result.locatio
n+"</a>");[] 
 []


Overfull \hbox (375.17445pt too wide) in paragraph at lines 156--156
 []                 \IL2/cmtt/m/n/12 item.find('.location').empty().append("<a 
href='https://www.chemtk.cz/en/82974-departmental-libraries'>"+result.location+
"</a>");[] 
 []


Overfull \hbox (41.72429pt too wide) in paragraph at lines 156--156
 []                \IL2/cmtt/m/n/12 item.find('.location').empty().append("<a h
ref=''>"+result.location+"</a>");[] 
 []


Overfull \hbox (54.0743pt too wide) in paragraph at lines 156--156
 []                    \IL2/cmtt/m/n/12 (result.location == "Unknown") || (resu
lt.location == "Nezn&aacute;mo") ||[] 
 []


Overfull \hbox (331.94943pt too wide) in paragraph at lines 156--156
 []                    \IL2/cmtt/m/n/12 (result.location == "Sklad historick&ea
cute;ho fondu") || (result.location == "Stack room of historical collection") |
|[] 
 []


Overfull \hbox (350.47444pt too wide) in paragraph at lines 156--156
 []                    \IL2/cmtt/m/n/12 (result.location == "Trezor historick&e
acute;ho fondu") || (result.location == "Reading room of historical collection"
) ||[] 
 []


Overfull \hbox (319.59943pt too wide) in paragraph at lines 156--156
 []                    \IL2/cmtt/m/n/12 (result.location == "Badatelna historic
k&eacute;ho fondu") || (result.location == "Safe of historical collection") ||[
] 
 []


Overfull \hbox (115.82433pt too wide) in paragraph at lines 156--156
 []                    \IL2/cmtt/m/n/12 (result.location == "Depozit&aacute;\u0
159") || (result.location == "Depository") ||[] 
 []


Overfull \hbox (387.52446pt too wide) in paragraph at lines 156--156
 []                    \IL2/cmtt/m/n/12 (result.location == "Konzulta\u010dn&ia
cute; koutek, 2. NP") || (result.location == "Knowledge Navigation Corner, 2nd 
floor") ||[] 
 []


Overfull \hbox (276.3744pt too wide) in paragraph at lines 156--156
 []                    \IL2/cmtt/m/n/12 (result.location == "V&iacute;ce um&iac
ute;st\u011bn&iacute;") || (result.location == "Multiple Locations") ||[] 
 []

[40]
Overfull \hbox (17.02428pt too wide) in paragraph at lines 156--156
 []                    \IL2/cmtt/m/n/12 (result.location == "Sklad") || (result
.location == "Stack room") ||[] 
 []


Overfull \hbox (375.17445pt too wide) in paragraph at lines 156--156
 []                    \IL2/cmtt/m/n/12 (result.location == "Voln&yacute; v&yac
ute;b\u011br, neza\u0159azeno") || (result.location == "Open stacks, uncategori
zed") ||[] 
 []


Overfull \hbox (171.39935pt too wide) in paragraph at lines 156--156
 []                    \IL2/cmtt/m/n/12 (result.location == "&Uacute;OCHB &uacu
te;stav") || (result.location == "IOCB department") ||[] 
 []


Overfull \hbox (115.82433pt too wide) in paragraph at lines 156--156
 []                    \IL2/cmtt/m/n/12 (result.location == "Book news, 4th flo
or") || (result.location == "Novinky, 4. NP")[] 
 []


Overfull \hbox (41.72429pt too wide) in paragraph at lines 156--156
 []                \IL2/cmtt/m/n/12 item.find('.location').empty().append("<a h
ref=''>"+result.location+"</a>");[] 
 []

[41]) (chapters/kustomizace.tex [42] [43]
Overfull \hbox (75.80615pt too wide) in paragraph at lines 55--55
[]\IL2/cmtt/m/n/12 $this->headTitle($this->translate('Preview') . ': ' . $this-
>driver->getBreadcrumb());[] 
 []


Overfull \hbox (61.32835pt too wide) in paragraph at lines 56--57
\IL2/cmr/m/n/12 Pro roz-vr¾ení vý-sledkù vy-hle-dá-vání slou¾í ¹a-b-lona \IL2/c
mtt/m/n/12 RecordDriver/SolrDefault/result-list.phtml\IL2/cmr/m/n/12 .
 []

[44])

Package hyperref Warning: Composite letter `\textasciicaron+C'
(hyperref)                not defined in PD1 encoding,
(hyperref)                removing `\textasciicaron' on input line 110.


Package hyperref Warning: Composite letter `\textasciicaron+r'
(hyperref)                not defined in PD1 encoding,
(hyperref)                removing `\textasciicaron' on input line 110.

(chapters/acount.tex) (chapters/provoz.tex [45]) (chapters/workflow.tex)

Package hyperref Warning: Composite letter `\textasciicaron+e'
(hyperref)                not defined in PD1 encoding,
(hyperref)                removing `\textasciicaron' on input line 116.

(chapters/statistiky.tex) [46]
Kapitola 5.

Package hyperref Warning: Composite letter `\textasciicaron+C'
(hyperref)                not defined in PD1 encoding,
(hyperref)                removing `\textasciicaron' on input line 118.


Package hyperref Warning: Composite letter `\textasciicaron+c'
(hyperref)                not defined in PD1 encoding,
(hyperref)                removing `\textasciicaron' on input line 118.

(chapters/chapter04.tex
<images/vufind-1.png, id=603, 1190.4475pt x 1072.005pt>
File: images/vufind-1.png Graphic file (type png)

<use images/vufind-1.png>
Package pdftex.def Info: images/vufind-1.png used on input line 8.
(pdftex.def)             Requested size: 273.14923pt x 245.9671pt.
 [47

 <./images/vufind-1.png>]
<images/vufind-2.png, id=613, 1736.4875pt x 1082.0425pt>
File: images/vufind-2.png Graphic file (type png)

<use images/vufind-2.png>
Package pdftex.def Info: images/vufind-2.png used on input line 17.
(pdftex.def)             Requested size: 295.90588pt x 184.37407pt.

<images/vufind-3.png, id=615, 1161.33875pt x 1072.005pt>
File: images/vufind-3.png Graphic file (type png)

<use images/vufind-3.png>
Package pdftex.def Info: images/vufind-3.png used on input line 26.
(pdftex.def)             Requested size: 295.90588pt x 273.13684pt.


LaTeX Warning: `h' float specifier changed to `ht'.

<images/vufind-4.png, id=617, 948.54375pt x 784.9325pt>
File: images/vufind-4.png Graphic file (type png)

<use images/vufind-4.png>
Package pdftex.def Info: images/vufind-4.png used on input line 35.
(pdftex.def)             Requested size: 295.90588pt x 244.85962pt.


LaTeX Warning: `h' float specifier changed to `ht'.

<images/vufind-5.png, id=619, 1199.48125pt x 1065.9825pt>
File: images/vufind-5.png Graphic file (type png)

<use images/vufind-5.png>
Package pdftex.def Info: images/vufind-5.png used on input line 44.
(pdftex.def)             Requested size: 295.90588pt x 262.96535pt.


LaTeX Warning: `h' float specifier changed to `ht'.

[48 <./images/vufind-2.png>]
<images/vufind-6a.png, id=628, 1161.33875pt x 1050.92625pt>
File: images/vufind-6a.png Graphic file (type png)

<use images/vufind-6a.png>
Package pdftex.def Info: images/vufind-6a.png used on input line 53.
(pdftex.def)             Requested size: 295.90588pt x 267.76617pt.


LaTeX Warning: `h' float specifier changed to `ht'.

<images/vufind-6b.png, id=630, 1162.3425pt x 1051.93pt>
File: images/vufind-6b.png Graphic file (type png)

<use images/vufind-6b.png>
Package pdftex.def Info: images/vufind-6b.png used on input line 60.
(pdftex.def)             Requested size: 295.90588pt x 267.7972pt.


LaTeX Warning: `h' float specifier changed to `ht'.

<images/vufind-7.png, id=632, 1209.51875pt x 1054.94125pt>
File: images/vufind-7.png Graphic file (type png)

<use images/vufind-7.png>
Package pdftex.def Info: images/vufind-7.png used on input line 69.
(pdftex.def)             Requested size: 295.90588pt x 258.0846pt.


LaTeX Warning: `h' float specifier changed to `ht'.

<images/vufind-8.png, id=634, 1210.5225pt x 1015.795pt>
File: images/vufind-8.png Graphic file (type png)

<use images/vufind-8.png>
Package pdftex.def Info: images/vufind-8.png used on input line 79.
(pdftex.def)             Requested size: 295.90588pt x 248.30621pt.


LaTeX Warning: `h' float specifier changed to `ht'.

<images/vufind-9.png, id=636, 957.5775pt x 1016.79875pt>
File: images/vufind-9.png Graphic file (type png)

<use images/vufind-9.png>
Package pdftex.def Info: images/vufind-9.png used on input line 88.
(pdftex.def)             Requested size: 295.90588pt x 314.19588pt.
 [49 <./images/vufind-3.png>]

LaTeX Warning: `h' float specifier changed to `ht'.

<images/finna.png, id=644, 1174.3875pt x 990.70125pt>
File: images/finna.png Graphic file (type png)
 <use images/finna.png>
Package pdftex.def Info: images/finna.png used on input line 97.
(pdftex.def)             Requested size: 295.90588pt x 249.62477pt.


LaTeX Warning: `h' float specifier changed to `ht'.

[50 <./images/vufind-4.png>]
<images/finna_architecture.png, id=654, 1605.8394pt x 1304.7144pt>
File: images/finna_architecture.png Graphic file (type png)

<use images/finna_architecture.png>
Package pdftex.def Info: images/finna_architecture.png used on input line 108.
(pdftex.def)             Requested size: 295.90588pt x 240.41278pt.


LaTeX Warning: `h' float specifier changed to `ht'.

[51 <./images/vufind-5.png>]) [52 <./images/vufind-6a.png>] [53 <./images/vufin
d-6b.png>] [54 <./images/vufind-7.png> <./images/vufind-8.png>] [55 <./images/v
ufind-9.png> <./images/finna.png>] [56 <./images/finna_architecture.png (PNG co
py)>]
Kapitola 6.
(chapters/chapter05.tex
Overfull \hbox (50.78397pt too wide) in paragraph at lines 9--11
[]\IL2/cmr/m/n/12 o cen-t-ral-nich in-de-xech a dis-co-very http://oldknihovna.
nkp.cz/knihovnaplus121/coufal.htm 
 []

) [57

]
Kapitola 7.

Package hyperref Warning: Composite letter `\textasciicaron+e'
(hyperref)                not defined in PD1 encoding,
(hyperref)                removing `\textasciicaron' on input line 122.

(chapters/conclusion.tex) [58

]

Package hyperref Warning: Composite letter `\textring+u'
(hyperref)                not defined in PD1 encoding,
(hyperref)                removing `\textring' on input line 127.

(main.lof)
\tf@lof=\write5
\openout5 = `main.lof'.

 [59

]
Underfull \hbox (badness 10000) in paragraph at lines 134--135
[]\IL2/cmr/m/it/12 Státní tech-nická knihovna \IL2/cmr/m/n/12 [on-line]. Praha 
[cit. 2016-06-09]. Do-stupné z:
 []


Underfull \hbox (badness 1430) in paragraph at lines 143--144
[]\IL2/cmr/m/n/12 About Vu-Find. Vu-Find - Search. Dis-co-ver. Share. [on-line]
. Villa-nova Uni-ver-
 []


Underfull \hbox (badness 3668) in paragraph at lines 146--147
[]\IL2/cmr/m/n/12 Features. Vu-Find - Search. Dis-co-ver. Share. [on-line]. Vil
la-nova Uni-ver-sity's
 []


Underfull \hbox (badness 2932) in paragraph at lines 146--147
\IL2/cmr/m/n/12 Fal-vey Me-mo-rial Lib-rary, 2016 [cit. 2016-06-30]. Do-stupné 
z: http://vufind-
 []


Underfull \hbox (badness 6592) in paragraph at lines 149--150
[]\IL2/cmr/m/n/12 Requirements. Vu-Find - Search. Dis-co-ver. Share. [on-line].
 Villa-nova Uni-
 []


Underfull \hbox (badness 10000) in paragraph at lines 149--150
\IL2/cmr/m/n/12 ver-sity's Fal-vey Me-mo-rial Lib-rary, 2016 [cit. 2016-06-30].
 Do-stupné z:
 []


Underfull \hbox (badness 10000) in paragraph at lines 155--156
[]\IL2/cmr/m/n/12 Ex Lib-ris the bridge to knowledge, Aleph. Ex Lib-ris cor-po-
rate web-
 []


Underfull \hbox (badness 10000) in paragraph at lines 155--156
\IL2/cmr/m/n/12 site [on-line]. Ex Lib-ris Ltd., 2016 [cit. 2016-06-30]. Do-stu
pné z:
 []

[60

]
Underfull \hbox (badness 2426) in paragraph at lines 161--162
[]\IL2/cmr/m/n/12 ÈÍ®EK, Ja-kub. Li-nu-xový Red Hat se pochlu-bil hos-po-da-øe-
ním. Vy-dìlává i
 []


Underfull \hbox (badness 2635) in paragraph at lines 161--162
\IL2/cmr/m/n/12 díky èeským vý-vo-jáøùm { ®ivì.cz. ®ivì.cz { O poèí-ta-èích, IT
 a in-ter-netu
 []


Underfull \hbox (badness 3803) in paragraph at lines 161--162
\IL2/cmr/m/n/12 [on-line]. CN In-vest a.s., 2016 [cit. 2016-06-30]. ISSN 1213-8
991. Do-stupné
 []


Underfull \hbox (badness 10000) in paragraph at lines 161--162
\IL2/cmr/m/n/12 z: http://www.zive.cz/bleskovky/linuxovy-red-hat-se-pochlubil-h
ospodarenim-
 []


Underfull \hbox (badness 1577) in paragraph at lines 164--165
\IL2/cmr/m/n/12 fi-gu-ration Tu-to-ri-als [on-line]. Li-nu-x-Con-fig.org, 2016 
[cit. 2016-06-30]. Do-stupné
 []


Underfull \hbox (badness 10000) in paragraph at lines 173--174
[]\IL2/cmr/m/n/12 Web ser-ver. In: Wi-ki-pe-dia: the free en-cyclo-pe-dia [on-l
ine]. San Fran-
 []


Underfull \hbox (badness 10000) in paragraph at lines 173--174
\IL2/cmr/m/n/12 cisco (CA): Wi-ki-me-dia Foun-dation, 2001- [cit. 2016-06-30]. 
Do-stupné z:
 []


Underfull \hbox (badness 3815) in paragraph at lines 182--183
[]\IL2/cmr/m/n/12 VuFind Do-cu-men-tation. Vu-Find - Search. Dis-co-ver. Share.
 [on-line]. Villa-
 []

[61]
Underfull \hbox (badness 5231) in paragraph at lines 185--186
[]\IL2/cmr/m/n/12 MySQL [on-line]. Oracle Cor-po-ration, 2016 [cit. 2016-06-30]
. Do-stupné z:
 []


Underfull \hbox (badness 2050) in paragraph at lines 197--198
[]\IL2/cmr/m/n/12 Git - Správa verzí. Git [on-line]. [cit. 2016-06-13]. Do-stup
né z: https://git-
 []


Underfull \hbox (badness 10000) in paragraph at lines 200--201
[]\IL2/cmr/m/n/12 Polytematický struk-tu-ro-vaný hesláø. Ná-rodní tech-nická kn
ihovna [on-
 []


Underfull \hbox (badness 10000) in paragraph at lines 200--201
\IL2/cmr/m/n/12 line]. Ná-rodní tech-nická knihovna, 2016 [cit. 2016-06-30]. Do
-stupné z:
 []


Underfull \hbox (badness 4156) in paragraph at lines 212--213
[]\IL2/cmr/m/n/12 What is Open Source Soft-ware? Webo-pe-dia: On-line Tech Dict
i-o-nary for
 []


Underfull \hbox (badness 1360) in paragraph at lines 212--213
\IL2/cmr/m/n/12 IT Pro-fes-si-o-nals [on-line]. Quin-Street Inc., 2016 [cit. 20
16-07-01]. Do-stupné z:
 []

[62]
Underfull \hbox (badness 10000) in paragraph at lines 215--216
[]\IL2/cmr/m/n/12 Open Source Ini-ti-a-tive [on-line]. [cit. 2016-07-01]. Do-st
upné z:
 []


Underfull \hbox (badness 1226) in paragraph at lines 230--231
[]\IL2/cmr/m/n/12 MORAVEC, Jo-sef. Koha { kni-hovní sys-tém s ote-vøe-ným zdro-
jo-vým kó-dem.
 []


Underfull \hbox (badness 10000) in paragraph at lines 242--243
[]\IL2/cmr/m/n/12 Configuration:local[]settings[]directory [Vu-Find Do-cu-men-t
ation]. Vu-
 []


Underfull \hbox (badness 10000) in paragraph at lines 242--243
\IL2/cmr/m/n/12 Find - Search. Dis-co-ver. Share. [on-line]. Villa-nova Uni-ver
-sity's
 []


Underfull \hbox (badness 10000) in paragraph at lines 242--243
\IL2/cmr/m/n/12 Fal-vey Me-mo-rial Lib-rary, 2016 [cit. 2016-07-01]. Do-stupné 
z:
 []

[63]
Underfull \hbox (badness 2809) in paragraph at lines 248--249
[]\IL2/cmr/m/n/12 Customizing Vu-Find. Vu-Find - Search. Dis-co-ver. Share. [on
-line]. Villa-nova
 []


Underfull \hbox (badness 5878) in paragraph at lines 248--249
\IL2/cmr/m/n/12 Uni-ver-sity's Fal-vey Me-mo-rial Lib-rary, 2016 [cit. 2016-07-
01]. Do-stupné z:
 []


Underfull \hbox (badness 10000) in paragraph at lines 254--255
[]\IL2/cmr/m/n/12 FAQ [eduID.cz]. Èeská aka-de-mická fe-de-race iden-tit eduID.
cz [eduID.cz]
 []


Underfull \hbox (badness 10000) in paragraph at lines 254--255
\IL2/cmr/m/n/12 [on-line]. CESNET, z. s. p. o., 2016 [cit. 2016-06-30]. Do-stup
né z:
 []


Underfull \hbox (badness 1168) in paragraph at lines 257--258
[]\IL2/cmr/m/n/12 SolrMarc. Gi-tHub [on-line]. Gi-tHub, Inc., 2016 [cit. 2016-0
7-01]. Do-stupné z:
 []


Underfull \hbox (badness 10000) in paragraph at lines 263--264
[]\IL2/cmr/m/n/12 Development:architecture:solr[]index[]schema [Vu-Find Do-cu-m
en-tation].
 []


Underfull \hbox (badness 10000) in paragraph at lines 263--264
\IL2/cmr/m/n/12 Vu-Find - Search. Dis-co-ver. Share. [on-line]. Villa-nova Uni-
ver-
 []


Underfull \hbox (badness 10000) in paragraph at lines 263--264
\IL2/cmr/m/n/12 sity's Fal-vey Me-mo-rial Lib-rary, 2016 [cit. 2016-07-01]. Do-
stupné z:
 []

[64]
Underfull \hbox (badness 10000) in paragraph at lines 281--282
[]\IL2/cmr/m/n/12 Development:architecture:user[]interface [Vu-Find Do-cu-men-t
ation]. Vu-
 []


Underfull \hbox (badness 10000) in paragraph at lines 281--282
\IL2/cmr/m/n/12 Find - Search. Dis-co-ver. Share. [on-line]. Villa-nova Uni-ver
-sity's
 []


Underfull \hbox (badness 10000) in paragraph at lines 281--282
\IL2/cmr/m/n/12 Fal-vey Me-mo-rial Lib-rary, 2016 [cit. 2016-07-01]. Do-stupné 
z:
 []


Underfull \hbox (badness 10000) in paragraph at lines 284--286
[]\IL2/cmr/m/n/12 Community:installations [Vu-Find Do-cu-men-tation]. Vu-Find -

 []


Underfull \hbox (badness 10000) in paragraph at lines 284--286
\IL2/cmr/m/n/12 Search. Dis-co-ver. Share. [on-line]. [cit. 2016-06-10]. Do-stu
pné z:
 []

[65] [66]
P\v {r}\'{\i }loha A.

Package hyperref Warning: Composite letter `\textasciicaron+r'
(hyperref)                not defined in PD1 encoding,
(hyperref)                removing `\textasciicaron' on input line 319.

(chapters/appendix.tex)
Package atveryend Info: Empty hook `BeforeClearDocument' on input line 322.
 [67

]
Package atveryend Info: Empty hook `AfterLastShipout' on input line 322.
 (main.aux)
Package atveryend Info: Executing hook `AtVeryEndDocument' on input line 322.
Package atveryend Info: Executing hook `AtEndAfterFileList' on input line 322.


Package rerunfilecheck Warning: File `main.out' has changed.
(rerunfilecheck)                Rerun to get outlines right
(rerunfilecheck)                or use package `bookmark'.

Package rerunfilecheck Info: Checksums for `main.out':
(rerunfilecheck)             Before: 846B8F1F7217DF84347DBDCAC787A3BE;3197
(rerunfilecheck)             After:  4C6BE720E72C4F2E4C5EFCB3940C31AE;3273.

LaTeX Warning: Label(s) may have changed. Rerun to get cross-references right.

Package atveryend Info: Empty hook `AtVeryVeryEnd' on input line 322.
 ) 
Here is how much of TeX's memory you used:
 7165 strings out of 493335
 104467 string characters out of 3136680
 205482 words of memory out of 3000000
 10244 multiletter control sequences out of 15000+200000
 12417 words of font info for 34 fonts, out of 3000000 for 9000
 1141 hyphenation exceptions out of 8191
 29i,6n,32p,3442b,496s stack positions out of 5000i,500n,10000p,200000b,50000s
<C:/Program Files (x86)/MiKTeX 2.9/fonts/type1/public/amsfonts/cm/cmsy10.pfb>
<C:/Program Files (x86)/MiKTeX 2.9/fonts/type1/public/cs/csbx12.pfb><C:/Program
 Files (x86)/MiKTeX 2.9/fonts/type1/public/cs/csr12.pfb><C:/Program Files (x86)
/MiKTeX 2.9/fonts/type1/public/cs/csr8.pfb><C:/Program Files (x86)/MiKTeX 2.9/f
onts/type1/public/cs/csti12.pfb><C:/Program Files (x86)/MiKTeX 2.9/fonts/type1/
public/cs/cstt12.pfb>
Output written on main.pdf (69 pages, 3288517 bytes).
PDF statistics:
 856 PDF objects out of 1000 (max. 8388607)
 214 named destinations out of 1000 (max. 500000)
 460 words of extra memory for PDF output out of 10000 (max. 10000000)

