\BOOKMARK [0][-]{chapter.1}{\332vod}{}% 1
\BOOKMARK [0][-]{chapter.2}{Open Source}{}% 2
\BOOKMARK [1][-]{section.2.1}{Filosofie otevren\351 komunity}{chapter.2}% 3
\BOOKMARK [1][-]{section.2.2}{Svobod\375 software pro knihovny}{chapter.2}% 4
\BOOKMARK [2][-]{subsection.2.2.1}{Blacklight}{section.2.2}% 5
\BOOKMARK [2][-]{subsection.2.2.2}{Evergreen}{section.2.2}% 6
\BOOKMARK [2][-]{subsection.2.2.3}{Koha}{section.2.2}% 7
\BOOKMARK [0][-]{chapter.3}{Port\341l VuFind}{}% 8
\BOOKMARK [1][-]{section.3.1}{Vznik}{chapter.3}% 9
\BOOKMARK [1][-]{section.3.2}{Kl\355cov\351 vlastnosti}{chapter.3}% 10
\BOOKMARK [1][-]{section.3.3}{Po\236adavky na software}{chapter.3}% 11
\BOOKMARK [2][-]{subsection.3.3.1}{Operacn\355 syst\351m}{section.3.3}% 12
\BOOKMARK [2][-]{subsection.3.3.2}{Webov\375 server}{section.3.3}% 13
\BOOKMARK [2][-]{subsection.3.3.3}{Javov\375 server}{section.3.3}% 14
\BOOKMARK [2][-]{subsection.3.3.4}{Datab\341zov\375 server}{section.3.3}% 15
\BOOKMARK [2][-]{subsection.3.3.5}{ZendFramework}{section.3.3}% 16
\BOOKMARK [1][-]{section.3.4}{Po\236adavky na hardware}{chapter.3}% 17
\BOOKMARK [1][-]{section.3.5}{Implementace v CR i zahranic\355}{chapter.3}% 18
\BOOKMARK [0][-]{chapter.4}{Technick\351 aspekty implementace}{}% 19
\BOOKMARK [1][-]{section.4.1}{Konfiguracn\355 soubory}{chapter.4}% 20
\BOOKMARK [1][-]{section.4.2}{Autentikace}{chapter.4}% 21
\BOOKMARK [1][-]{section.4.3}{Import dat}{chapter.4}% 22
\BOOKMARK [1][-]{section.4.4}{Indexace dat}{chapter.4}% 23
\BOOKMARK [1][-]{section.4.5}{Vyhled\341v\341n\355}{chapter.4}% 24
\BOOKMARK [1][-]{section.4.6}{Grafick\375 design}{chapter.4}% 25
\BOOKMARK [1][-]{section.4.7}{Cten\341rsk\351 konto}{chapter.4}% 26
\BOOKMARK [0][-]{chapter.5}{Napojen\355 na Aleph}{}% 27
\BOOKMARK [1][-]{section.5.1}{Server Aleph}{chapter.5}% 28
\BOOKMARK [0][-]{chapter.6}{Automatick\375 sber dat - OAI-PMH}{}% 29
\BOOKMARK [1][-]{section.6.1}{Server SFX}{chapter.6}% 30
\BOOKMARK [0][-]{chapter.7}{Nasazen\355 VuFind v N\341rodn\355 technick\351 knihovne}{}% 31
\BOOKMARK [1][-]{section.7.1}{Modul NTK}{chapter.7}% 32
\BOOKMARK [1][-]{section.7.2}{Instalace}{chapter.7}% 33
\BOOKMARK [1][-]{section.7.3}{Historie NTK}{chapter.7}% 34
\BOOKMARK [1][-]{section.7.4}{Servery}{chapter.7}% 35
\BOOKMARK [2][-]{subsection.7.4.1}{Server VuFind 1.x}{section.7.4}% 36
\BOOKMARK [2][-]{subsection.7.4.2}{Server VuFind 2.x}{section.7.4}% 37
\BOOKMARK [2][-]{subsection.7.4.3}{Testovac\355 server VuFind}{section.7.4}% 38
\BOOKMARK [2][-]{subsection.7.4.4}{Testovac\355 server VuFind + Summon}{section.7.4}% 39
\BOOKMARK [1][-]{section.7.5}{Software}{chapter.7}% 40
\BOOKMARK [2][-]{subsection.7.5.1}{Zabezpecen\355}{section.7.5}% 41
\BOOKMARK [2][-]{subsection.7.5.2}{Zabbix}{section.7.5}% 42
\BOOKMARK [2][-]{subsection.7.5.3}{Cron}{section.7.5}% 43
\BOOKMARK [2][-]{subsection.7.5.4}{GIT}{section.7.5}% 44
\BOOKMARK [1][-]{section.7.6}{PSH}{chapter.7}% 45
\BOOKMARK [0][-]{chapter.8}{Budouc\355 v\375voj syst\351mu}{}% 46
\BOOKMARK [1][-]{section.8.1}{Provoz}{chapter.8}% 47
\BOOKMARK [2][-]{subsection.8.1.1}{WorkFlow}{section.8.1}% 48
\BOOKMARK [2][-]{subsection.8.1.2}{Statistiky n\341v\235tevnosti}{section.8.1}% 49
\BOOKMARK [0][-]{chapter.9}{Z\341ver \(zhodnocen\355\)}{}% 50
\BOOKMARK [0][-]{chapter*.23}{Seznam obr\341zku}{}% 51
\BOOKMARK [0][-]{chapter*.24}{Literatura}{}% 52
\BOOKMARK [0][-]{appendix.A}{Pr\355loha}{}% 53
